2026-02-09 11:36:44,820 - INFO - msg-sent-avg endpoint called
2026-02-09 11:37:56,991 - INFO - msg-sent-avg endpoint called
2026-02-09 11:39:01,567 - INFO - msg-sent-avg endpoint called
2026-02-09 12:44:37,613 - INFO - msg-sent-avg endpoint called
2026-02-09 12:53:27,934 - INFO - msg-sent-avg endpoint called
2026-02-09 14:46:49,580 - INFO - msg-sent-avg endpoint called
2026-02-09 14:47:29,695 - INFO - msg-sent-avg endpoint called
2026-02-09 14:48:40,791 - INFO - msg-sent-avg endpoint called
2026-02-09 17:30:55,392 - WARNING - (trapped) error reading bcrypt version
Traceback (most recent call last):
  File "/home/ashishd/Desktop/Sahil/Customer360_demo/myenv/lib/python3.12/site-packages/passlib/handlers/bcrypt.py", line 620, in _load_backend_mixin
    version = _bcrypt.__about__.__version__
              ^^^^^^^^^^^^^^^^^
AttributeError: module 'bcrypt' has no attribute '__about__'
2026-02-09 17:33:59,832 - WARNING - (trapped) error reading bcrypt version
Traceback (most recent call last):
  File "/home/ashishd/Desktop/Sahil/Customer360_demo/myenv/lib/python3.12/site-packages/passlib/handlers/bcrypt.py", line 620, in _load_backend_mixin
    version = _bcrypt.__about__.__version__
              ^^^^^^^^^^^^^^^^^
AttributeError: module 'bcrypt' has no attribute '__about__'
2026-02-09 17:39:47,425 - WARNING - (trapped) error reading bcrypt version
Traceback (most recent call last):
  File "/home/ashishd/Desktop/Sahil/Customer360_demo/myenv/lib/python3.12/site-packages/passlib/handlers/bcrypt.py", line 620, in _load_backend_mixin
    version = _bcrypt.__about__.__version__
              ^^^^^^^^^^^^^^^^^
AttributeError: module 'bcrypt' has no attribute '__about__'
2026-02-09 17:44:08,672 - WARNING - (trapped) error reading bcrypt version
Traceback (most recent call last):
  File "/home/ashishd/Desktop/Sahil/Customer360_demo/myenv/lib/python3.12/site-packages/passlib/handlers/bcrypt.py", line 620, in _load_backend_mixin
    version = _bcrypt.__about__.__version__
              ^^^^^^^^^^^^^^^^^
AttributeError: module 'bcrypt' has no attribute '__about__'
2026-02-09 17:49:11,854 - WARNING - (trapped) error reading bcrypt version
Traceback (most recent call last):
  File "/home/ashishd/Desktop/Sahil/Customer360_demo/myenv/lib/python3.12/site-packages/passlib/handlers/bcrypt.py", line 620, in _load_backend_mixin
    version = _bcrypt.__about__.__version__
              ^^^^^^^^^^^^^^^^^
AttributeError: module 'bcrypt' has no attribute '__about__'
2026-02-09 17:56:48,147 - WARNING - (trapped) error reading bcrypt version
Traceback (most recent call last):
  File "/home/ashishd/Desktop/Sahil/Customer360_demo/myenv/lib/python3.12/site-packages/passlib/handlers/bcrypt.py", line 620, in _load_backend_mixin
    version = _bcrypt.__about__.__version__
              ^^^^^^^^^^^^^^^^^
AttributeError: module 'bcrypt' has no attribute '__about__'
2026-02-09 18:01:07,348 - WARNING - (trapped) error reading bcrypt version
Traceback (most recent call last):
  File "/home/ashishd/Desktop/Sahil/Customer360_demo/myenv/lib/python3.12/site-packages/passlib/handlers/bcrypt.py", line 620, in _load_backend_mixin
    version = _bcrypt.__about__.__version__
              ^^^^^^^^^^^^^^^^^
AttributeError: module 'bcrypt' has no attribute '__about__'
2026-02-10 09:50:04,598 - WARNING - (trapped) error reading bcrypt version
Traceback (most recent call last):
  File "/home/ashishd/Desktop/Sahil/Customer360_demo/myenv/lib/python3.12/site-packages/passlib/handlers/bcrypt.py", line 620, in _load_backend_mixin
    version = _bcrypt.__about__.__version__
              ^^^^^^^^^^^^^^^^^
AttributeError: module 'bcrypt' has no attribute '__about__'
2026-02-10 09:51:14,880 - WARNING - (trapped) error reading bcrypt version
Traceback (most recent call last):
  File "/home/ashishd/Desktop/Sahil/Customer360_demo/myenv/lib/python3.12/site-packages/passlib/handlers/bcrypt.py", line 620, in _load_backend_mixin
    version = _bcrypt.__about__.__version__
              ^^^^^^^^^^^^^^^^^
AttributeError: module 'bcrypt' has no attribute '__about__'
2026-02-10 09:54:26,348 - WARNING - (trapped) error reading bcrypt version
Traceback (most recent call last):
  File "/home/ashishd/Desktop/Sahil/Customer360_demo/myenv/lib/python3.12/site-packages/passlib/handlers/bcrypt.py", line 620, in _load_backend_mixin
    version = _bcrypt.__about__.__version__
              ^^^^^^^^^^^^^^^^^
AttributeError: module 'bcrypt' has no attribute '__about__'
2026-02-10 10:02:12,379 - WARNING - (trapped) error reading bcrypt version
Traceback (most recent call last):
  File "/home/ashishd/Desktop/Sahil/Customer360_demo/myenv/lib/python3.12/site-packages/passlib/handlers/bcrypt.py", line 620, in _load_backend_mixin
    version = _bcrypt.__about__.__version__
              ^^^^^^^^^^^^^^^^^
AttributeError: module 'bcrypt' has no attribute '__about__'
2026-02-10 10:06:29,491 - WARNING - (trapped) error reading bcrypt version
Traceback (most recent call last):
  File "/home/ashishd/Desktop/Sahil/Customer360_demo/myenv/lib/python3.12/site-packages/passlib/handlers/bcrypt.py", line 620, in _load_backend_mixin
    version = _bcrypt.__about__.__version__
              ^^^^^^^^^^^^^^^^^
AttributeError: module 'bcrypt' has no attribute '__about__'
2026-02-10 18:08:32,586 - INFO - msg-sent-avg endpoint called
2026-02-11 13:26:42,084 - INFO - msg-sent-avg endpoint called
2026-02-11 15:15:22,546 - INFO - msg-sent-avg endpoint called
2026-02-11 16:32:43,898 - INFO - msg-sent-avg endpoint called
2026-02-11 16:35:43,962 - WARNING - Employee not found: aayush@example.com
2026-02-11 16:35:44,207 - INFO - Employee created successfully: aayush@example.com
2026-02-11 16:36:11,475 - INFO - Employee found: aayush@example.com
2026-02-11 16:36:11,711 - INFO - Employee authenticated successfully: aayush@example.com
2026-02-11 16:36:11,714 - INFO - Access token created for employee: aayush@example.com
2026-02-11 16:36:11,714 - INFO - Authentication cookie set successfully
2026-02-11 16:36:46,044 - INFO - Employee found: aayush@example.com
2026-02-11 16:36:46,281 - INFO - Employee authenticated successfully: aayush@example.com
2026-02-11 16:36:46,282 - INFO - Access token created for employee: aayush@example.com
2026-02-11 16:36:46,282 - INFO - Authentication cookie set successfully
2026-02-11 16:36:55,549 - INFO - Retrieved info for employee: aayush@example.com
2026-02-11 16:38:07,954 - INFO - Retrieved info for employee: aayush@example.com
2026-02-11 16:38:46,888 - INFO - msg-sent-avg endpoint called
2026-02-11 16:49:29,970 - INFO - Employee found: pranit@example.com
2026-02-11 16:49:30,206 - WARNING - Authentication failed: Invalid password for pranit@example.com
2026-02-11 16:49:49,397 - INFO - Employee found: pranit@example.com
2026-02-11 16:49:49,645 - WARNING - Authentication failed: Invalid password for pranit@example.com
2026-02-11 16:50:52,459 - INFO - Employee found: pranit@example.com
2026-02-11 16:50:52,697 - WARNING - Authentication failed: Invalid password for pranit@example.com
2026-02-11 16:51:28,131 - INFO - Employee found: aayush@example.com
2026-02-11 16:51:28,371 - INFO - Employee authenticated successfully: aayush@example.com
2026-02-11 16:51:28,374 - INFO - Access token created for employee: aayush@example.com
2026-02-11 16:51:28,374 - INFO - Authentication cookie set successfully
2026-02-11 16:51:40,476 - INFO - Employee found: aayush@example.com
2026-02-11 16:51:40,717 - INFO - Employee authenticated successfully: aayush@example.com
2026-02-11 16:51:40,717 - INFO - Access token created for employee: aayush@example.com
2026-02-11 16:51:40,717 - INFO - Authentication cookie set successfully
2026-02-11 16:55:12,939 - INFO - Retrieved info for employee: aayush@example.com
